<?xml version="1.0" encoding="UTF-8"?>
<!-- Generated by org.testng.reporters.JUnitReportReporter -->
<testsuite hostname="CRKRL-GULLLFAR1" failures="0" tests="3" name="example.TestLoginMain" time="3.887" errors="0" timestamp="2020-03-01T02:20:49 PKT" skipped="0">
  <testcase classname="example.TestLoginMain" name="testLoginSuccessful" time="0.675"/>
  <system-out/>
  <testcase classname="example.TestLoginMain" name="testLoginSuccessful" time="2.437"/>
  <system-out/>
  <testcase classname="example.TestLoginMain" name="testLoginSuccessful" time="0.775"/>
  <system-out/>
</testsuite> <!-- example.TestLoginMain -->
