<?xml version="1.0" encoding="UTF-8"?>
<!-- Generated by org.testng.reporters.JUnitReportReporter -->
<testsuite hostname="CRKRL-GULLLFAR1" failures="0" tests="3" name="example.TestGuru99MultipleSession" time="52.808" errors="0" timestamp="2020-02-29T22:02:04 PKT" skipped="0">
  <testcase classname="example.TestGuru99MultipleSession" name="executSessionOne" time="31.381"/>
  <system-out/>
  <testcase classname="example.TestGuru99MultipleSession" name="executeSessionTwo" time="10.808"/>
  <system-out/>
  <testcase classname="example.TestGuru99MultipleSession" name="executSessionThree" time="10.619"/>
  <system-out/>
</testsuite> <!-- example.TestGuru99MultipleSession -->
